<?xml version="1.0" encoding="UTF-8"?>
<testsuite xmlns:xsi="http://www.w3.org/2001/XMLSchema-instance" xsi:noNamespaceSchemaLocation="https://maven.apache.org/surefire/maven-surefire-plugin/xsd/surefire-test-report-3.0.xsd" version="3.0" name="dk.sdu.cbse.bullet.BulletControlSystemTest" time="0.078" tests="2" errors="0" skipped="0" failures="0">
  <properties>
[...]
</properties>
  <testcase name="testCreateBulletPosition" classname="dk.sdu.cbse.bullet.BulletControlSystemTest" time="0.062"/>
  <testcase name="testBulletMovesForward" classname="dk.sdu.cbse.bullet.BulletControlSystemTest" time="0.001"/>
</testsuite>